    "_id": "693bffbc206541b5d5ddccb1",
      "description": "Test Expense",
      "amount": 50,
      "date": "2025-12-12T11:42:51.071Z",
      "category": "693bffbc6ea85ad52f05d542",
      "createdAt": "2025-12-12T11:42:52.282Z",
      "updatedAt": "2025-12-12T11:42:52.282Z",
      "createdBy": "692fadea56d60cfe14f17a6b",
      "id": "693bffbc206541b5d5ddccb1"
    },
    {
      "_id": "693bff6f6ea85ad52f05d53f",
      "description": "Test Expense",
      "amount": 50,
      "date": "2025-12-12T11:41:34.702Z",
      "category": "693bff6fe6226edb0e3c5a84",
      "createdAt": "2025-12-12T11:41:35.921Z",
      "updatedAt": "2025-12-12T11:41:35.921Z",
      "createdBy": "692fadea56d60cfe14f17a6b",
      "id": "693bff6f6ea85ad52f05d53f"
    },
    {
      "_id": "693bff396ea85ad52f05d53d",
      "description": "Test Expense",
      "amount": 50,
      "date": "2025-12-12T11:40:40.087Z",
      "category": "693bff39e6226edb0e3c5a82",
      "createdAt": "2025-12-12T11:40:41.302Z",
      "updatedAt": "2025-12-12T11:40:41.302Z",
      "createdBy": "692fadea56d60cfe14f17a6b",
      "id": "693bff396ea85ad52f05d53d"
    },
    {
      "_id": "693c0e8d4249df55e1159ba6",
      "description": "Cine",
      "amount": 52,
      "date": "2025-12-10T16:00:00.000Z",
      "category": "693c0e8a54522108113fc714",
      "createdAt": "2025-12-12T12:46:05.667Z",
      "updatedAt": "2025-12-12T12:46:05.667Z",
      "createdBy": "692fadea56d60cfe14f17a6b",
      "id": "693c0e8d4249df55e1159ba6"
    },
    {
      "_id": "693c0e8eae35cee97ca0f5a0",
      "description": "Gym",
      "amount": 10,
      "date": "2025-12-09T16:00:00.000Z",
      "category": "693c0e8c4249df55e1159ba4",
      "createdAt": "2025-12-12T12:46:06.044Z",
      "updatedAt": "2025-12-12T12:46:06.044Z",
      "createdBy": "692fadea56d60cfe14f17a6b",
      "id": "693c0e8eae35cee97ca0f5a0"
    },
    {
      "_id": "693c0e8e4249df55e1159ba8",
      "description": "Gasolinera",
      "amount": 44,
      "date": "2025-12-07T16:00:00.000Z",
      "category": "693c0e8b4249df55e1159ba2",
      "createdAt": "2025-12-12T12:46:06.616Z",
      "updatedAt": "2025-12-12T12:46:06.616Z",
      "createdBy": "692fadea56d60cfe14f17a6b",
      "id": "693c0e8e4249df55e1159ba8"
    },
    {
      "_id": "693c0e8c8e002c0fced209e7",
      "description": "Mercadona",
      "amount": 90,
      "date": "2025-12-04T16:00:00.000Z",
      "category": "693c0e8b4249df55e1159ba2",
      "createdAt": "2025-12-12T12:46:04.608Z",
      "updatedAt": "2025-12-12T12:46:04.608Z",
      "createdBy": "692fadea56d60cfe14f17a6b",
      "id": "693c0e8c8e002c0fced209e7"
    },
    {
      "_id": "693166b9da50275e0b254fe0",
      "description": "ENDESA",
      "amount": 89.5,
      "date": "2025-12-03T00:00:00.000Z",
      "category": "692fb0e83fccdac1e5afce50",
      "createdAt": "2025-12-04T10:47:21.386Z",
      "updatedAt": "2025-12-04T10:53:31.133Z",
      "original_currency": "EUR",
      "original_amount": 89.5,
      "is_bank_transaction": true
    },
    {
      "_id": "693166b9a20b92464067e780",
      "description": "DIA",
      "amount": 32.45,
      "date": "2025-12-03T00:00:00.000Z",
      "category": "692fb0e83fccdac1e5afce54",
      "createdAt": "2025-12-04T10:47:21.546Z",
      "updatedAt": "2025-12-04T10:53:31.204Z",
      "original_currency": "EUR",
      "original_amount": 32.45,
      "is_bank_transaction": true
    },
    {
      "_id": "693166b9da50275e0b254fe4",
      "description": "KINEPOLIS",
      "amount": 18.5,
      "date": "2025-12-03T00:00:00.000Z",
      "category": "692fb0e83fccdac1e5afce58",
      "createdAt": "2025-12-04T10:47:21.812Z",
      "updatedAt": "2025-12-04T10:53:31.261Z",
      "original_currency": "EUR",
      "original_amount": 18.5,
      "is_bank_transaction": true
    },
    {
      "_id": "692fb0f3d4e2e7381d7858da",
      "description": "Factura luz",
      "amount": 65,
      "date": "2025-12-02T00:00:00.000Z",
      "category": "692fb0e83fccdac1e5afce50",
      "createdAt": "2025-12-03T03:39:31.481Z",
      "updatedAt": "2025-12-03T03:39:31.481Z",
      "createdBy": "692fadea56d60cfe14f17a6b",
      "original_currency": null,
      "original_amount": null,
      "exchange_rate": null,
      "base_currency_amount": null,
      "id": "692fb0f3d4e2e7381d7858da"
    },
    {
      "_id": "692fb0f3d4e2e7381d7858df",
      "description": "Gasolina coche",
      "amount": 55,
      "date": "2025-12-02T00:00:00.000Z",
      "category": "692fb0e83fccdac1e5afce56",
      "createdAt": "2025-12-03T03:39:31.618Z",
      "updatedAt": "2025-12-03T03:39:31.618Z",
      "createdBy": "692fadea56d60cfe14f17a6b",
      "original_currency": null,
      "original_amount": null,
      "exchange_rate": null,
      "base_currency_amount": null,
      "id": "692fb0f3d4e2e7381d7858df"
    },
    {
      "_id": "693166b9a20b92464067e779",
      "description": "BP",
      "amount": 55.2,
      "date": "2025-12-02T00:00:00.000Z",
      "category": "692fb0e83fccdac1e5afce56",
      "createdAt": "2025-12-04T10:47:21.214Z",
      "updatedAt": "2025-12-04T10:53:31.317Z",
      "original_currency": "EUR",
      "original_amount": 55.2,
      "is_bank_transaction": true
    },
    {
      "_id": "693166b9a20b92464067e77c",
      "description": "PULL AND BEAR",
      "amount": 67.85,
      "date": "2025-12-02T00:00:00.000Z",
      "category": "692fb0e83fccdac1e5afce5a",
      "createdAt": "2025-12-04T10:47:21.297Z",
      "updatedAt": "2025-12-04T10:53:31.371Z",
      "original_currency": "EUR",
      "original_amount": 67.85,
      "is_bank_transaction": true
    },
    {
      "_id": "693166b9a20b92464067e782",
      "description": "VODAFONE",
      "amount": 29.99,
      "date": "2025-12-02T00:00:00.000Z",
      "category": "692fb0e83fccdac1e5afce52",
      "createdAt": "2025-12-04T10:47:21.634Z",
      "updatedAt": "2025-12-04T10:53:31.428Z",
      "original_currency": "EUR",
      "original_amount": 29.99,
      "is_bank_transaction": true
    },
    {
      "_id": "693c0e9054522108113fc718",
      "description": "Mercadona",
      "amount": 40,
      "date": "2025-12-01T16:00:00.000Z",
      "category": "693c0e8a54522108113fc714",
      "createdAt": "2025-12-12T12:46:08.379Z",
      "updatedAt": "2025-12-12T12:46:08.379Z",
      "createdBy": "692fadea56d60cfe14f17a6b",
      "id": "693c0e9054522108113fc718"
    },
    {
      "_id": "692fb0f3d4e2e7381d7858d8",
      "description": "Pago alquiler diciembre",
      "amount": 800,
      "date": "2025-12-01T00:00:00.000Z",
      "category": "692fb0e83fccdac1e5afce4e",
      "createdAt": "2025-12-03T03:39:31.412Z",
      "updatedAt": "2025-12-03T03:39:31.412Z",
      "createdBy": "692fadea56d60cfe14f17a6b",
      "original_currency": null,
      "original_amount": null,
      "exchange_rate": null,
      "base_currency_amount": null,
      "id": "692fb0f3d4e2e7381d7858d8"
    },
    {
      "_id": "692fb0f3d4e2e7381d7858dd",
      "description": "Compra semanal Mercadona",
      "amount": 85.5,
      "date": "2025-12-01T00:00:00.000Z",
      "category": "692fb0e83fccdac1e5afce54",
      "createdAt": "2025-12-03T03:39:31.547Z",
      "updatedAt": "2025-12-03T03:39:31.547Z",
      "createdBy": "692fadea56d60cfe14f17a6b",
      "original_currency": null,
      "original_amount": null,
      "exchange_rate": null,
      "base_currency_amount": null,
      "id": "692fb0f3d4e2e7381d7858dd"
    },
    {
      "_id": "692fb0f33fccdac1e5afce5c",
      "description": "Cena con amigos",
      "amount": 42,
      "date": "2025-12-01T00:00:00.000Z",
      "category": "692fb0e83fccdac1e5afce58",
      "createdAt": "2025-12-03T03:39:31.689Z",
      "updatedAt": "2025-12-03T03:39:31.689Z",
      "createdBy": "692fadea56d60cfe14f17a6b",
      "original_currency": null,
      "original_amount": null,
      "exchange_rate": null,
      "base_currency_amount": null,
      "id": "692fb0f33fccdac1e5afce5c"
    },
    {
      "_id": "692fb0f33fccdac1e5afce5e",
      "description": "Netflix mensual",
      "amount": 15.99,
      "date": "2025-12-01T00:00:00.000Z",
      "category": "692fb0e83fccdac1e5afce58",
      "createdAt": "2025-12-03T03:39:31.753Z",
      "updatedAt": "2025-12-03T03:39:31.753Z",
      "createdBy": "692fadea56d60cfe14f17a6b",
      "original_currency": null,
      "original_amount": null,
      "exchange_rate": null,
      "base_currency_amount": null,
      "id": "692fb0f33fccdac1e5afce5e"
    },
    {
      "_id": "693166b9a20b92464067e775",
      "description": "ALCAMPO",
      "amount": 156.78,
      "date": "2025-12-01T00:00:00.000Z",
      "category": "692fb0e83fccdac1e5afce54",
      "createdAt": "2025-12-04T10:47:21.064Z",
      "updatedAt": "2025-12-04T10:53:31.485Z",
      "original_currency": "EUR",
      "original_amount": 156.78,
      "is_bank_transaction": true
    },
    {
      "_id": "693166b9a20b92464067e777",
      "description": "DISNEY PLUS",
      "amount": 8.99,
      "date": "2025-12-01T00:00:00.000Z",
      "category": "692fb0e83fccdac1e5afce58",
      "createdAt": "2025-12-04T10:47:21.140Z",
      "updatedAt": "2025-12-04T10:53:31.541Z",
      "original_currency": "EUR",
      "original_amount": 8.99,
      "is_bank_transaction": true
    },
    {
      "_id": "693166b9a20b92464067e77e",
      "description": "AMAZON PRIME",
      "amount": 4.99,
      "date": "2025-12-01T00:00:00.000Z",
      "category": "692fb0e83fccdac1e5afce58",
      "createdAt": "2025-12-04T10:47:21.477Z",
      "updatedAt": "2025-12-04T10:53:31.603Z",
      "original_currency": "EUR",
      "original_amount": 4.99,
      "is_bank_transaction": true
    },
    {
      "_id": "693166b9da50275e0b254fe2",
      "description": "MASSIMO DUTTI",
      "amount": 125,
      "date": "2025-12-01T00:00:00.000Z",
      "category": "692fb0e83fccdac1e5afce5a",
      "createdAt": "2025-12-04T10:47:21.736Z",
      "updatedAt": "2025-12-04T10:53:31.663Z",
      "original_currency": "EUR",
      "original_amount": 125,
      "is_bank_transaction": true
    }
  ]
}

